<?xml version="1.0" encoding="UTF-8"?>
<robot generator="Robot 3.1.2 (Python 3.7.5 on darwin)" generated="20200810 14:51:29.192" rpa="false">
<suite id="s1" name="Gabung" source="/Users/ninichen/PycharmProjects/CermatiErlini/Tests/Gabung.robot">
<kw name="Open Cermati gabung page" library="keyword" type="setup">
<kw name="open website Cermati" library="commands">
<kw name="Open Browser" library="SeleniumLibrary">
<doc>Opens a new browser instance to the given ``url``.</doc>
<arguments>
<arg>about:blank</arg>
<arg>${BROWSERS}</arg>
<arg>remote_url=${seleniumPort.${portSelenium}}</arg>
</arguments>
<msg timestamp="20200810 14:51:29.431" level="INFO">Opening browser 'chrome' to base url 'about:blank'.</msg>
<status status="PASS" starttime="20200810 14:51:29.430" endtime="20200810 14:51:31.430"></status>
</kw>
<kw name="Delete All Cookies" library="SeleniumLibrary">
<doc>Deletes all cookies.</doc>
<status status="PASS" starttime="20200810 14:51:31.430" endtime="20200810 14:51:31.443"></status>
</kw>
<kw name="Set Selenium Timeout" library="SeleniumLibrary">
<doc>Sets the timeout that is used by various keywords.</doc>
<arguments>
<arg>${setseleniumtimeout}</arg>
</arguments>
<status status="PASS" starttime="20200810 14:51:31.443" endtime="20200810 14:51:31.445"></status>
</kw>
<kw name="Set Browser Implicit Wait" library="SeleniumLibrary">
<doc>Sets the implicit wait value used by Selenium.</doc>
<arguments>
<arg>1</arg>
</arguments>
<status status="PASS" starttime="20200810 14:51:31.445" endtime="20200810 14:51:31.447"></status>
</kw>
<kw name="Set Selenium Implicit Wait" library="SeleniumLibrary">
<doc>Sets the implicit wait value used by Selenium.</doc>
<arguments>
<arg>1</arg>
</arguments>
<status status="PASS" starttime="20200810 14:51:31.447" endtime="20200810 14:51:31.448"></status>
</kw>
<status status="PASS" starttime="20200810 14:51:29.430" endtime="20200810 14:51:31.448"></status>
</kw>
<kw name="Set Window Size" library="SeleniumLibrary">
<doc>Sets current windows size to given ``width`` and ``height``.</doc>
<arguments>
<arg>${BrowserWidth.desktop}</arg>
<arg>${BrowserHeight.desktop}</arg>
</arguments>
<status status="PASS" starttime="20200810 14:51:31.448" endtime="20200810 14:51:31.558"></status>
</kw>
<kw name="Go To" library="SeleniumLibrary">
<doc>Navigates the active browser instance to the provided ``url``.</doc>
<arguments>
<arg>https://www.cermati.com/gabung?target=%2F</arg>
</arguments>
<msg timestamp="20200810 14:51:31.559" level="INFO">Opening url 'https://www.cermati.com/gabung?target=%2F'</msg>
<status status="PASS" starttime="20200810 14:51:31.558" endtime="20200810 14:51:32.994"></status>
</kw>
<status status="PASS" starttime="20200810 14:51:29.430" endtime="20200810 14:51:32.994"></status>
</kw>
<test id="s1-t1" name="User daftar akun cermati">
<kw name="Verify gabung page" library="gabung">
<kw name="Wait Until Element Is Visible" library="SeleniumLibrary">
<doc>Waits until element ``locator`` is visible.</doc>
<arguments>
<arg>${buttonNantiSaja}</arg>
</arguments>
<status status="PASS" starttime="20200810 14:51:32.995" endtime="20200810 14:51:38.222"></status>
</kw>
<kw name="Click Element" library="SeleniumLibrary">
<doc>Click element identified by ``locator``.</doc>
<arguments>
<arg>${buttonNantiSaja}</arg>
</arguments>
<msg timestamp="20200810 14:51:38.222" level="INFO">Clicking element 'css=div:nth-of-type(2) &gt; button:nth-of-type(1)'.</msg>
<status status="PASS" starttime="20200810 14:51:38.222" endtime="20200810 14:51:38.300"></status>
</kw>
<kw name="Wait Until Element Is Visible" library="SeleniumLibrary">
<doc>Waits until element ``locator`` is visible.</doc>
<arguments>
<arg>${titleGabungCermati}</arg>
</arguments>
<status status="PASS" starttime="20200810 14:51:38.301" endtime="20200810 14:51:38.333"></status>
</kw>
<kw name="Get Text" library="SeleniumLibrary">
<doc>Returns the text value of element identified by ``locator``.</doc>
<arguments>
<arg>${titleGabungCermati}</arg>
</arguments>
<assign>
<var>${title}</var>
</assign>
<msg timestamp="20200810 14:51:38.349" level="INFO">${title} = Daftar ke Cermati.com</msg>
<status status="PASS" starttime="20200810 14:51:38.334" endtime="20200810 14:51:38.350"></status>
</kw>
<kw name="Should Be Equal As Strings" library="BuiltIn">
<doc>Fails if objects are unequal after converting them to strings.</doc>
<arguments>
<arg>${title}</arg>
<arg>${textTitleGabungCermati}</arg>
</arguments>
<status status="PASS" starttime="20200810 14:51:38.350" endtime="20200810 14:51:38.350"></status>
</kw>
<status status="PASS" starttime="20200810 14:51:32.995" endtime="20200810 14:51:38.350"></status>
</kw>
<kw name="Verify and input email ninichen93@gmail.com" library="gabung">
<kw name="Wait Until Element Is Visible" library="SeleniumLibrary">
<doc>Waits until element ``locator`` is visible.</doc>
<arguments>
<arg>${titleEmail}</arg>
</arguments>
<status status="PASS" starttime="20200810 14:51:38.351" endtime="20200810 14:51:38.367"></status>
</kw>
<kw name="Get Text" library="SeleniumLibrary">
<doc>Returns the text value of element identified by ``locator``.</doc>
<arguments>
<arg>${titleEmail}</arg>
</arguments>
<assign>
<var>${title}</var>
</assign>
<msg timestamp="20200810 14:51:38.385" level="INFO">${title} = Email *</msg>
<status status="PASS" starttime="20200810 14:51:38.367" endtime="20200810 14:51:38.385"></status>
</kw>
<kw name="Should Be Equal As Strings" library="BuiltIn">
<doc>Fails if objects are unequal after converting them to strings.</doc>
<arguments>
<arg>${title}</arg>
<arg>${textTitleEmail}</arg>
</arguments>
<status status="PASS" starttime="20200810 14:51:38.385" endtime="20200810 14:51:38.386"></status>
</kw>
<kw name="Input Text" library="SeleniumLibrary">
<doc>Types the given ``text`` into text field identified by ``locator``.</doc>
<arguments>
<arg>${inputEmail}</arg>
<arg>${email}</arg>
</arguments>
<msg timestamp="20200810 14:51:38.386" level="INFO">Typing text 'ninichen93@gmail.com' into text field 'css=input#email'.</msg>
<status status="PASS" starttime="20200810 14:51:38.386" endtime="20200810 14:51:38.622"></status>
</kw>
<status status="PASS" starttime="20200810 14:51:38.350" endtime="20200810 14:51:38.622"></status>
</kw>
<kw name="Verify and input kata sandi c3rm4t1n1n1" library="gabung">
<kw name="Wait Until Element Is Visible" library="SeleniumLibrary">
<doc>Waits until element ``locator`` is visible.</doc>
<arguments>
<arg>${titleKataSandi}</arg>
</arguments>
<status status="PASS" starttime="20200810 14:51:38.623" endtime="20200810 14:51:38.637"></status>
</kw>
<kw name="Get Text" library="SeleniumLibrary">
<doc>Returns the text value of element identified by ``locator``.</doc>
<arguments>
<arg>${titleKataSandi}</arg>
</arguments>
<assign>
<var>${title}</var>
</assign>
<msg timestamp="20200810 14:51:38.651" level="INFO">${title} = Kata Sandi *</msg>
<status status="PASS" starttime="20200810 14:51:38.638" endtime="20200810 14:51:38.651"></status>
</kw>
<kw name="Should Be Equal As Strings" library="BuiltIn">
<doc>Fails if objects are unequal after converting them to strings.</doc>
<arguments>
<arg>${title}</arg>
<arg>${textTitleKataSandi}</arg>
</arguments>
<status status="PASS" starttime="20200810 14:51:38.651" endtime="20200810 14:51:38.652"></status>
</kw>
<kw name="Input Text" library="SeleniumLibrary">
<doc>Types the given ``text`` into text field identified by ``locator``.</doc>
<arguments>
<arg>${inputKataSandi}</arg>
<arg>${katasandi}</arg>
</arguments>
<msg timestamp="20200810 14:51:38.652" level="INFO">Typing text 'c3rm4t1n1n1' into text field 'css=input#password'.</msg>
<status status="PASS" starttime="20200810 14:51:38.652" endtime="20200810 14:51:38.785"></status>
</kw>
<status status="PASS" starttime="20200810 14:51:38.622" endtime="20200810 14:51:38.785"></status>
</kw>
<kw name="Verify and input konfirmasi kata sandi c3rm4t1n1n1" library="gabung">
<kw name="Wait Until Element Is Visible" library="SeleniumLibrary">
<doc>Waits until element ``locator`` is visible.</doc>
<arguments>
<arg>${titleKonfKataSandi}</arg>
</arguments>
<status status="PASS" starttime="20200810 14:51:38.786" endtime="20200810 14:51:38.799"></status>
</kw>
<kw name="Get Text" library="SeleniumLibrary">
<doc>Returns the text value of element identified by ``locator``.</doc>
<arguments>
<arg>${titleKonfKataSandi}</arg>
</arguments>
<assign>
<var>${title}</var>
</assign>
<msg timestamp="20200810 14:51:38.813" level="INFO">${title} = Konfirmasi Kata Sandi *</msg>
<status status="PASS" starttime="20200810 14:51:38.800" endtime="20200810 14:51:38.813"></status>
</kw>
<kw name="Should Be Equal As Strings" library="BuiltIn">
<doc>Fails if objects are unequal after converting them to strings.</doc>
<arguments>
<arg>${title}</arg>
<arg>${textTitleKonfKataSandi}</arg>
</arguments>
<status status="PASS" starttime="20200810 14:51:38.813" endtime="20200810 14:51:38.814"></status>
</kw>
<kw name="Input Text" library="SeleniumLibrary">
<doc>Types the given ``text`` into text field identified by ``locator``.</doc>
<arguments>
<arg>${inputKonfKataSandi}</arg>
<arg>${konfkatasandi}</arg>
</arguments>
<msg timestamp="20200810 14:51:38.814" level="INFO">Typing text 'c3rm4t1n1n1' into text field 'css=input#confirm-password'.</msg>
<status status="PASS" starttime="20200810 14:51:38.814" endtime="20200810 14:51:38.924"></status>
</kw>
<status status="PASS" starttime="20200810 14:51:38.785" endtime="20200810 14:51:38.924"></status>
</kw>
<kw name="Verify and input Nama depan Nini" library="gabung">
<kw name="Wait Until Element Is Visible" library="SeleniumLibrary">
<doc>Waits until element ``locator`` is visible.</doc>
<arguments>
<arg>${titleNamaDepan}</arg>
</arguments>
<status status="PASS" starttime="20200810 14:51:38.924" endtime="20200810 14:51:38.938"></status>
</kw>
<kw name="Get Text" library="SeleniumLibrary">
<doc>Returns the text value of element identified by ``locator``.</doc>
<arguments>
<arg>${titleNamaDepan}</arg>
</arguments>
<assign>
<var>${title}</var>
</assign>
<msg timestamp="20200810 14:51:38.951" level="INFO">${title} = Nama Depan *</msg>
<status status="PASS" starttime="20200810 14:51:38.938" endtime="20200810 14:51:38.951"></status>
</kw>
<kw name="Should Be Equal As Strings" library="BuiltIn">
<doc>Fails if objects are unequal after converting them to strings.</doc>
<arguments>
<arg>${title}</arg>
<arg>${textTitleNamaDepan}</arg>
</arguments>
<status status="PASS" starttime="20200810 14:51:38.951" endtime="20200810 14:51:38.952"></status>
</kw>
<kw name="Input Text" library="SeleniumLibrary">
<doc>Types the given ``text`` into text field identified by ``locator``.</doc>
<arguments>
<arg>${inputNamaDepan}</arg>
<arg>${namadepan}</arg>
</arguments>
<msg timestamp="20200810 14:51:38.952" level="INFO">Typing text 'Nini' into text field 'css=input#first-name'.</msg>
<status status="PASS" starttime="20200810 14:51:38.952" endtime="20200810 14:51:39.049"></status>
</kw>
<status status="PASS" starttime="20200810 14:51:38.924" endtime="20200810 14:51:39.049"></status>
</kw>
<kw name="Verify and input Nama belakang Chen" library="gabung">
<kw name="Wait Until Element Is Visible" library="SeleniumLibrary">
<doc>Waits until element ``locator`` is visible.</doc>
<arguments>
<arg>${titleNamaBelakang}</arg>
</arguments>
<status status="PASS" starttime="20200810 14:51:39.050" endtime="20200810 14:51:39.064"></status>
</kw>
<kw name="Get Text" library="SeleniumLibrary">
<doc>Returns the text value of element identified by ``locator``.</doc>
<arguments>
<arg>${titleNamaBelakang}</arg>
</arguments>
<assign>
<var>${title}</var>
</assign>
<msg timestamp="20200810 14:51:39.078" level="INFO">${title} = Nama Belakang *</msg>
<status status="PASS" starttime="20200810 14:51:39.064" endtime="20200810 14:51:39.078"></status>
</kw>
<kw name="Should Be Equal As Strings" library="BuiltIn">
<doc>Fails if objects are unequal after converting them to strings.</doc>
<arguments>
<arg>${title}</arg>
<arg>${textTitleNamaBelakang}</arg>
</arguments>
<status status="PASS" starttime="20200810 14:51:39.078" endtime="20200810 14:51:39.079"></status>
</kw>
<kw name="Input Text" library="SeleniumLibrary">
<doc>Types the given ``text`` into text field identified by ``locator``.</doc>
<arguments>
<arg>${inputNamaBelakang}</arg>
<arg>${namabelakang}</arg>
</arguments>
<msg timestamp="20200810 14:51:39.079" level="INFO">Typing text 'Chen' into text field 'css=input#last-name'.</msg>
<status status="PASS" starttime="20200810 14:51:39.079" endtime="20200810 14:51:39.157"></status>
</kw>
<status status="PASS" starttime="20200810 14:51:39.050" endtime="20200810 14:51:39.157"></status>
</kw>
<kw name="Verify and input Nomor telepon 081219527239" library="gabung">
<kw name="Wait Until Element Is Visible" library="SeleniumLibrary">
<doc>Waits until element ``locator`` is visible.</doc>
<arguments>
<arg>${titleNomorTelepon}</arg>
</arguments>
<status status="PASS" starttime="20200810 14:51:39.158" endtime="20200810 14:51:39.172"></status>
</kw>
<kw name="Get Text" library="SeleniumLibrary">
<doc>Returns the text value of element identified by ``locator``.</doc>
<arguments>
<arg>${titleNomorTelepon}</arg>
</arguments>
<assign>
<var>${title}</var>
</assign>
<msg timestamp="20200810 14:51:39.188" level="INFO">${title} = Nomor Telepon *</msg>
<status status="PASS" starttime="20200810 14:51:39.172" endtime="20200810 14:51:39.188"></status>
</kw>
<kw name="Should Be Equal As Strings" library="BuiltIn">
<doc>Fails if objects are unequal after converting them to strings.</doc>
<arguments>
<arg>${title}</arg>
<arg>${textTitleNomorTelepon}</arg>
</arguments>
<status status="PASS" starttime="20200810 14:51:39.188" endtime="20200810 14:51:39.189"></status>
</kw>
<kw name="Input Text" library="SeleniumLibrary">
<doc>Types the given ``text`` into text field identified by ``locator``.</doc>
<arguments>
<arg>${inputNomorTelepon}</arg>
<arg>${nomortelepon}</arg>
</arguments>
<msg timestamp="20200810 14:51:39.189" level="INFO">Typing text '081219527239' into text field 'css=input#mobile-phone'.</msg>
<status status="PASS" starttime="20200810 14:51:39.189" endtime="20200810 14:51:39.313"></status>
</kw>
<status status="PASS" starttime="20200810 14:51:39.158" endtime="20200810 14:51:39.313"></status>
</kw>
<kw name="Verify and input Kabupaten/Kota Jakarta barat" library="gabung">
<kw name="Wait Until Element Is Visible" library="SeleniumLibrary">
<doc>Waits until element ``locator`` is visible.</doc>
<arguments>
<arg>${titleKabupatenKota}</arg>
</arguments>
<status status="PASS" starttime="20200810 14:51:39.314" endtime="20200810 14:51:39.330"></status>
</kw>
<kw name="Get Text" library="SeleniumLibrary">
<doc>Returns the text value of element identified by ``locator``.</doc>
<arguments>
<arg>${titleKabupatenKota}</arg>
</arguments>
<assign>
<var>${title}</var>
</assign>
<msg timestamp="20200810 14:51:39.346" level="INFO">${title} = Kabupaten/Kota *</msg>
<status status="PASS" starttime="20200810 14:51:39.330" endtime="20200810 14:51:39.346"></status>
</kw>
<kw name="Should Be Equal As Strings" library="BuiltIn">
<doc>Fails if objects are unequal after converting them to strings.</doc>
<arguments>
<arg>${title}</arg>
<arg>${textTitleKabupatenKota}</arg>
</arguments>
<status status="PASS" starttime="20200810 14:51:39.346" endtime="20200810 14:51:39.346"></status>
</kw>
<kw name="Input Text" library="SeleniumLibrary">
<doc>Types the given ``text`` into text field identified by ``locator``.</doc>
<arguments>
<arg>${inputKabupatenKota}</arg>
<arg>${kabupatenkota}</arg>
</arguments>
<msg timestamp="20200810 14:51:39.347" level="INFO">Typing text 'Jakarta barat' into text field 'css=input#residence-city'.</msg>
<status status="PASS" starttime="20200810 14:51:39.346" endtime="20200810 14:51:39.489"></status>
</kw>
<kw name="Wait Until Element Is Visible" library="SeleniumLibrary">
<doc>Waits until element ``locator`` is visible.</doc>
<arguments>
<arg>${chooseKota}</arg>
</arguments>
<status status="PASS" starttime="20200810 14:51:39.489" endtime="20200810 14:51:40.239"></status>
</kw>
<kw name="Click Element" library="SeleniumLibrary">
<doc>Click element identified by ``locator``.</doc>
<arguments>
<arg>${chooseKota}</arg>
</arguments>
<msg timestamp="20200810 14:51:40.239" level="INFO">Clicking element 'css=.autocomplete-list'.</msg>
<status status="PASS" starttime="20200810 14:51:40.239" endtime="20200810 14:51:40.295"></status>
</kw>
<status status="PASS" starttime="20200810 14:51:39.313" endtime="20200810 14:51:40.295"></status>
</kw>
<kw name="Click button Daftar Akun" library="gabung">
<kw name="Wait Until Element Is Visible" library="SeleniumLibrary">
<doc>Waits until element ``locator`` is visible.</doc>
<arguments>
<arg>${buttonDaftarAkun}</arg>
</arguments>
<status status="PASS" starttime="20200810 14:51:40.296" endtime="20200810 14:51:40.312"></status>
</kw>
<kw name="Click Element" library="SeleniumLibrary">
<doc>Click element identified by ``locator``.</doc>
<arguments>
<arg>${buttonDaftarAkun}</arg>
</arguments>
<msg timestamp="20200810 14:51:40.313" level="INFO">Clicking element 'css=div:nth-of-type(9) &gt; button'.</msg>
<status status="PASS" starttime="20200810 14:51:40.312" endtime="20200810 14:51:40.380"></status>
</kw>
<status status="PASS" starttime="20200810 14:51:40.296" endtime="20200810 14:51:40.380"></status>
</kw>
<tags>
<tag>ready</tag>
</tags>
<status status="PASS" starttime="20200810 14:51:32.994" endtime="20200810 14:51:40.380" critical="yes"></status>
</test>
<kw name="end website test" library="keyword" type="teardown">
<kw name="Delete All Cookies" library="SeleniumLibrary">
<doc>Deletes all cookies.</doc>
<status status="PASS" starttime="20200810 14:51:40.383" endtime="20200810 14:51:40.493"></status>
</kw>
<kw name="Close Browser" library="SeleniumLibrary">
<doc>Closes the current browser.</doc>
<status status="PASS" starttime="20200810 14:51:40.493" endtime="20200810 14:51:40.578"></status>
</kw>
<status status="PASS" starttime="20200810 14:51:40.383" endtime="20200810 14:51:40.579"></status>
</kw>
<doc>Test cases for Gabung Cermati</doc>
<status status="PASS" starttime="20200810 14:51:29.193" endtime="20200810 14:51:40.579"></status>
</suite>
<statistics>
<total>
<stat pass="1" fail="0">Critical Tests</stat>
<stat pass="1" fail="0">All Tests</stat>
</total>
<tag>
<stat pass="1" fail="0">ready</stat>
</tag>
<suite>
<stat pass="1" fail="0" id="s1" name="Gabung">Gabung</stat>
</suite>
</statistics>
<errors>
</errors>
</robot>
